<?xml version="1.0" encoding="UTF-8"?>
<!-- Generated by org.testng.reporters.JUnitReportReporter -->
<testsuite hostname="DESKTOP-GU03B2P" failures="0" tests="3" name="testPkg.TestNgMathsCalculator" time="15.254" errors="0" timestamp="2023-02-08T09:53:02 IST" skipped="1">
  <testcase classname="testPkg.TestNgMathsCalculator" name="checkOnAdditionalCalci" time="0.000">
    <skipped/>
  </testcase> <!-- checkOnAdditionalCalci -->
  <system-out/>
  <testcase classname="testPkg.TestNgMathsCalculator" name="checkOnAdditionalCalci" time="7.544"/>
  <system-out/>
  <testcase classname="testPkg.TestNgMathsCalculator" name="checkOnAdditionalCalci" time="7.710"/>
  <system-out/>
</testsuite> <!-- testPkg.TestNgMathsCalculator -->
