<?xml version="1.0" encoding="UTF-8"?>
<!-- Generated by org.testng.reporters.JUnitReportReporter -->
<testsuite hostname="DESKTOP-GU03B2P" failures="0" tests="3" name="testPkg.TestNgOnlineCalculator" time="18.773" errors="0" timestamp="2023-02-08T09:53:02 IST" skipped="1">
  <testcase classname="testPkg.TestNgOnlineCalculator" name="checkOnAdditionalCalci" time="8.590"/>
  <system-out/>
  <testcase classname="testPkg.TestNgOnlineCalculator" name="checkOnAdditionalCalci" time="0.000">
    <skipped/>
  </testcase> <!-- checkOnAdditionalCalci -->
  <system-out/>
  <testcase classname="testPkg.TestNgOnlineCalculator" name="checkOnAdditionalCalci" time="10.183"/>
  <system-out/>
</testsuite> <!-- testPkg.TestNgOnlineCalculator -->
