<?xml version="1.0" encoding="UTF-8"?>
<!-- Generated by org.testng.reporters.JUnitReportReporter -->
<testsuite hostname="DESKTOP-GU03B2P" failures="0" tests="1" name="testPkg.TestNgByjusTestClass" time="12.290" errors="0" timestamp="2023-01-26T17:17:07 IST" skipped="0">
  <testcase classname="testPkg.TestNgByjusTestClass" name="checkOnAdditionalCalci" time="12.290"/>
  <system-out/>
</testsuite> <!-- testPkg.TestNgByjusTestClass -->
